2023-10-06 23:40:24,620 - tensorflow - WARNING - Callback method `on_train_batch_end` is slow compared to the batch time (batch time: 0.2103s vs `on_train_batch_end` time: 0.3642s). Check your callbacks.
2023-10-06 23:40:50,127 - root - INFO - Epoch 0; loss: 97.74443054199219; CER: 0.9986631870269775; WER: 1.2175661325454712; val_loss: 46.40061569213867; val_CER: 0.6352623105049133; val_WER: 0.9933333396911621
2023-10-06 23:41:16,655 - root - INFO - Epoch 1; loss: 45.1180305480957; CER: 0.5715808868408203; WER: 0.9644972085952759; val_loss: 38.04179382324219; val_CER: 0.5336594581604004; val_WER: 0.860714316368103
2023-10-06 23:42:00,270 - root - INFO - Epoch 2; loss: 38.876853942871094; CER: 0.5099859833717346; WER: 0.8735979795455933; val_loss: 32.847930908203125; val_CER: 0.43704909086227417; val_WER: 0.7909523844718933
2023-10-06 23:42:22,333 - root - INFO - Epoch 3; loss: 34.560340881347656; CER: 0.4712856113910675; WER: 0.8106877207756042; val_loss: 30.96023941040039; val_CER: 0.45198744535446167; val_WER: 0.7876189947128296
2023-10-06 23:42:49,975 - root - INFO - Epoch 4; loss: 33.34910583496094; CER: 0.46959036588668823; WER: 0.8038626909255981; val_loss: 30.232421875; val_CER: 0.44233161211013794; val_WER: 0.7561904788017273
2023-10-06 23:43:17,579 - root - INFO - Epoch 5; loss: 32.65861511230469; CER: 0.47609829902648926; WER: 0.7979630827903748; val_loss: 29.939590454101562; val_CER: 0.45293128490448; val_WER: 0.7876189947128296
2023-10-06 23:43:40,957 - root - INFO - Epoch 6; loss: 31.26167106628418; CER: 0.4629231095314026; WER: 0.7861111164093018; val_loss: 28.62887191772461; val_CER: 0.45955464243888855; val_WER: 0.7859523892402649
2023-10-06 23:44:26,328 - root - INFO - Epoch 7; loss: 30.343151092529297; CER: 0.4599258303642273; WER: 0.7851060628890991; val_loss: 28.146320343017578; val_CER: 0.4525030255317688; val_WER: 0.7876191139221191
2023-10-06 23:44:49,860 - root - INFO - Epoch 8; loss: 29.695573806762695; CER: 0.45499688386917114; WER: 0.7875396013259888; val_loss: 27.409584045410156; val_CER: 0.43441131711006165; val_WER: 0.7511904835700989
2023-10-06 23:45:14,885 - root - INFO - Epoch 9; loss: 30.947404861450195; CER: 0.46318742632865906; WER: 0.7994709610939026; val_loss: 27.82813262939453; val_CER: 0.43864646553993225; val_WER: 0.7528572082519531
2023-10-06 23:45:56,338 - root - INFO - Epoch 10; loss: 28.97180938720703; CER: 0.4545227587223053; WER: 0.7854495644569397; val_loss: 27.31805992126465; val_CER: 0.44229376316070557; val_WER: 0.7511904239654541
2023-10-06 23:46:36,864 - root - INFO - Epoch 11; loss: 29.255002975463867; CER: 0.45797932147979736; WER: 0.7854496240615845; val_loss: 30.618083953857422; val_CER: 0.45513716340065; val_WER: 0.7942857146263123
2023-10-06 23:47:18,009 - root - INFO - Epoch 12; loss: 28.902023315429688; CER: 0.4533572494983673; WER: 0.7871430516242981; val_loss: 27.055011749267578; val_CER: 0.43650904297828674; val_WER: 0.7311905026435852
2023-10-06 23:47:40,284 - root - INFO - Epoch 13; loss: 27.822080612182617; CER: 0.44915032386779785; WER: 0.7775396108627319; val_loss: 26.435279846191406; val_CER: 0.4417388439178467; val_WER: 0.7528571486473083
2023-10-06 23:48:05,318 - root - INFO - Epoch 14; loss: 27.83445167541504; CER: 0.45422664284706116; WER: 0.7832539677619934; val_loss: 26.39309310913086; val_CER: 0.454613596200943; val_WER: 0.7826189398765564
2023-10-06 23:48:49,189 - root - INFO - Epoch 15; loss: 26.956262588500977; CER: 0.44992491602897644; WER: 0.7834658026695251; val_loss: 26.434955596923828; val_CER: 0.44269654154777527; val_WER: 0.7511904835700989
2023-10-06 23:49:12,689 - root - INFO - Epoch 16; loss: 27.441267013549805; CER: 0.44532403349876404; WER: 0.7779363989830017; val_loss: 26.392152786254883; val_CER: 0.4308435916900635; val_WER: 0.7676190733909607
2023-10-06 23:49:37,555 - root - INFO - Epoch 17; loss: 26.740442276000977; CER: 0.44793224334716797; WER: 0.7866138219833374; val_loss: 25.417234420776367; val_CER: 0.44323986768722534; val_WER: 0.7909523844718933
2023-10-06 23:50:01,128 - root - INFO - Epoch 18; loss: 26.3419189453125; CER: 0.4455394744873047; WER: 0.7797885537147522; val_loss: 25.69447135925293; val_CER: 0.4348355829715729; val_WER: 0.7642857432365417
2023-10-06 23:50:25,066 - root - INFO - Epoch 19; loss: 26.222436904907227; CER: 0.4459083378314972; WER: 0.7832536697387695; val_loss: 24.780630111694336; val_CER: 0.42305004596710205; val_WER: 0.7711904644966125
2023-10-06 23:50:50,579 - root - INFO - Epoch 20; loss: 25.898143768310547; CER: 0.4479716122150421; WER: 0.7828308343887329; val_loss: 25.684919357299805; val_CER: 0.4349583089351654; val_WER: 0.7826189994812012
2023-10-06 23:51:29,831 - root - INFO - Epoch 21; loss: 25.719261169433594; CER: 0.44557392597198486; WER: 0.7849204540252686; val_loss: 24.569360733032227; val_CER: 0.4376463294029236; val_WER: 0.7528570294380188
2023-10-06 23:51:52,335 - root - INFO - Epoch 22; loss: 25.33547592163086; CER: 0.443374902009964; WER: 0.7781217694282532; val_loss: 24.296310424804688; val_CER: 0.43393853306770325; val_WER: 0.7361904978752136
2023-10-06 23:52:17,271 - root - INFO - Epoch 23; loss: 25.4011173248291; CER: 0.44129258394241333; WER: 0.7792062759399414; val_loss: 24.739295959472656; val_CER: 0.42317837476730347; val_WER: 0.7528570294380188
2023-10-06 23:52:57,318 - root - INFO - Epoch 24; loss: 26.027650833129883; CER: 0.4420057535171509; WER: 0.7761908173561096; val_loss: 24.507543563842773; val_CER: 0.42701637744903564; val_WER: 0.7809523940086365
2023-10-06 23:53:37,877 - root - INFO - Epoch 25; loss: 25.331724166870117; CER: 0.4409467875957489; WER: 0.7817460298538208; val_loss: 23.97410774230957; val_CER: 0.41062766313552856; val_WER: 0.7478571534156799
2023-10-06 23:54:02,096 - root - INFO - Epoch 26; loss: 25.15867805480957; CER: 0.4397431015968323; WER: 0.785449743270874; val_loss: 24.324094772338867; val_CER: 0.41614559292793274; val_WER: 0.7445237636566162
2023-10-06 23:54:42,325 - root - INFO - Epoch 27; loss: 27.67845344543457; CER: 0.4445721209049225; WER: 0.7910584211349487; val_loss: 24.286212921142578; val_CER: 0.4225940406322479; val_WER: 0.7378572225570679
2023-10-06 23:55:09,456 - root - INFO - Epoch 28; loss: 25.006345748901367; CER: 0.4324202537536621; WER: 0.7800528407096863; val_loss: 23.899991989135742; val_CER: 0.41831347346305847; val_WER: 0.7795237898826599
2023-10-06 23:55:46,261 - root - INFO - Epoch 29; loss: 25.00995635986328; CER: 0.42800405621528625; WER: 0.7766401767730713; val_loss: 23.85860824584961; val_CER: 0.39895859360694885; val_WER: 0.741190493106842
2023-10-06 23:56:15,454 - root - INFO - Epoch 30; loss: 24.58226776123047; CER: 0.424552857875824; WER: 0.7781748175621033; val_loss: 23.635988235473633; val_CER: 0.40152204036712646; val_WER: 0.7759522795677185
2023-10-06 23:56:38,599 - root - INFO - Epoch 31; loss: 24.45343780517578; CER: 0.4238564372062683; WER: 0.7743914723396301; val_loss: 24.874561309814453; val_CER: 0.41266682744026184; val_WER: 0.7478571534156799
2023-10-06 23:57:19,442 - root - INFO - Epoch 32; loss: 24.629430770874023; CER: 0.42189791798591614; WER: 0.7722221612930298; val_loss: 24.86601448059082; val_CER: 0.393921822309494; val_WER: 0.76285719871521
2023-10-06 23:58:03,563 - root - INFO - Epoch 33; loss: 26.039962768554688; CER: 0.42941877245903015; WER: 0.7799208164215088; val_loss: 27.68031120300293; val_CER: 0.4304552376270294; val_WER: 0.741190493106842
2023-10-06 23:58:26,110 - root - INFO - Epoch 34; loss: 26.13396453857422; CER: 0.4233139157295227; WER: 0.7729629874229431; val_loss: 24.78218650817871; val_CER: 0.3997006118297577; val_WER: 0.7859523892402649
2023-10-06 23:59:09,677 - root - INFO - Epoch 35; loss: 24.678621292114258; CER: 0.4177697002887726; WER: 0.7692064046859741; val_loss: 23.666473388671875; val_CER: 0.4084762930870056; val_WER: 0.7726189494132996
2023-10-06 23:59:32,067 - root - INFO - Epoch 36; loss: 24.905908584594727; CER: 0.41908344626426697; WER: 0.7723811268806458; val_loss: 23.636627197265625; val_CER: 0.39801299571990967; val_WER: 0.7776191234588623
2023-10-06 23:59:57,432 - root - INFO - Epoch 37; loss: 24.372882843017578; CER: 0.4166935682296753; WER: 0.7759258151054382; val_loss: 24.357892990112305; val_CER: 0.42187759280204773; val_WER: 0.7395238280296326
2023-10-07 00:00:41,135 - root - INFO - Epoch 38; loss: 24.783464431762695; CER: 0.41817718744277954; WER: 0.772909939289093; val_loss: 25.18428611755371; val_CER: 0.4072129726409912; val_WER: 0.7742857336997986
2023-10-07 00:01:18,160 - root - INFO - Epoch 39; loss: 24.801280975341797; CER: 0.4158303141593933; WER: 0.7766929864883423; val_loss: 24.147085189819336; val_CER: 0.4127595126628876; val_WER: 0.7645237445831299
2023-10-07 00:01:41,874 - root - INFO - Epoch 40; loss: 24.523040771484375; CER: 0.4130024015903473; WER: 0.7749735116958618; val_loss: 24.07103729248047; val_CER: 0.3982101380825043; val_WER: 0.7378572225570679
2023-10-07 00:02:05,800 - root - INFO - Epoch 41; loss: 24.7952938079834; CER: 0.41688933968544006; WER: 0.7712963223457336; val_loss: 25.250289916992188; val_CER: 0.4103694260120392; val_WER: 0.7361904978752136
2023-10-07 00:02:45,862 - root - INFO - Epoch 42; loss: 25.084489822387695; CER: 0.41532087326049805; WER: 0.7732539772987366; val_loss: 24.69534683227539; val_CER: 0.41203591227531433; val_WER: 0.7014285922050476
2023-10-07 00:03:26,296 - root - INFO - Epoch 43; loss: 25.4599552154541; CER: 0.41810110211372375; WER: 0.7720106244087219; val_loss: 24.539382934570312; val_CER: 0.4055454134941101; val_WER: 0.7364286184310913
2023-10-07 00:04:09,918 - root - INFO - Epoch 44; loss: 24.8832950592041; CER: 0.4154406487941742; WER: 0.7749736309051514; val_loss: 24.25776481628418; val_CER: 0.41650623083114624; val_WER: 0.744523823261261
2023-10-07 00:04:32,960 - root - INFO - Epoch 45; loss: 24.103837966918945; CER: 0.40984752774238586; WER: 0.7709258794784546; val_loss: 23.156675338745117; val_CER: 0.40536484122276306; val_WER: 0.7528571486473083
2023-10-07 00:04:56,914 - root - INFO - Epoch 46; loss: 23.908262252807617; CER: 0.4091143012046814; WER: 0.7717723250389099; val_loss: 23.399152755737305; val_CER: 0.39287862181663513; val_WER: 0.7678571343421936
2023-10-07 00:05:20,011 - root - INFO - Epoch 47; loss: 24.261890411376953; CER: 0.41101017594337463; WER: 0.7817991375923157; val_loss: 23.801698684692383; val_CER: 0.41539815068244934; val_WER: 0.741190493106842
2023-10-07 00:06:07,338 - root - INFO - Epoch 48; loss: 24.255640029907227; CER: 0.4103294312953949; WER: 0.7744179964065552; val_loss: 23.643857955932617; val_CER: 0.3975483775138855; val_WER: 0.7745238542556763
2023-10-07 00:06:31,004 - root - INFO - Epoch 49; loss: 24.21990203857422; CER: 0.4081149101257324; WER: 0.7744179964065552; val_loss: 23.598827362060547; val_CER: 0.3999747335910797; val_WER: 0.7678571343421936
2023-10-07 00:06:53,966 - root - INFO - Epoch 50; loss: 23.892375946044922; CER: 0.40975555777549744; WER: 0.7708730697631836; val_loss: 23.360042572021484; val_CER: 0.4000009298324585; val_WER: 0.7328572273254395
2023-10-07 00:07:17,675 - root - INFO - Epoch 51; loss: 23.71872329711914; CER: 0.40765464305877686; WER: 0.7739946246147156; val_loss: 23.366273880004883; val_CER: 0.39506685733795166; val_WER: 0.7161903977394104
2023-10-07 00:07:41,278 - root - INFO - Epoch 52; loss: 24.196395874023438; CER: 0.4101236164569855; WER: 0.7708730697631836; val_loss: 24.087190628051758; val_CER: 0.413743793964386; val_WER: 0.7378570437431335
2023-10-07 00:08:24,477 - root - INFO - Epoch 53; loss: 24.243253707885742; CER: 0.40878787636756897; WER: 0.7727779746055603; val_loss: 23.51783561706543; val_CER: 0.39775893092155457; val_WER: 0.7545238733291626
2023-10-07 00:08:47,218 - root - INFO - Epoch 54; loss: 23.916412353515625; CER: 0.40799668431282043; WER: 0.7754231095314026; val_loss: 23.4415283203125; val_CER: 0.40268784761428833; val_WER: 0.7626190185546875
2023-10-07 00:09:28,983 - root - INFO - Epoch 55; loss: 23.39615249633789; CER: 0.4041166603565216; WER: 0.7725661396980286; val_loss: 23.20305061340332; val_CER: 0.3953675925731659; val_WER: 0.7197619676589966
2023-10-07 00:09:52,976 - root - INFO - Epoch 56; loss: 23.513839721679688; CER: 0.4093611538410187; WER: 0.7701852917671204; val_loss: 23.018131256103516; val_CER: 0.406386137008667; val_WER: 0.7678570747375488
2023-10-07 00:10:16,690 - root - INFO - Epoch 57; loss: 23.475942611694336; CER: 0.4076540768146515; WER: 0.77052903175354; val_loss: 22.94502067565918; val_CER: 0.4046509265899658; val_WER: 0.7511903643608093
2023-10-07 00:11:02,221 - root - INFO - Epoch 58; loss: 23.494699478149414; CER: 0.4083402454853058; WER: 0.774074137210846; val_loss: 22.865049362182617; val_CER: 0.39563533663749695; val_WER: 0.7561905384063721
2023-10-07 00:11:38,905 - root - INFO - Epoch 59; loss: 23.43438720703125; CER: 0.41012367606163025; WER: 0.7746033668518066; val_loss: 22.919448852539062; val_CER: 0.3956373631954193; val_WER: 0.7561904788017273
2023-10-07 00:12:19,834 - root - INFO - Epoch 60; loss: 23.440486907958984; CER: 0.405337929725647; WER: 0.7665608525276184; val_loss: 23.02691078186035; val_CER: 0.4059099555015564; val_WER: 0.7661904692649841
2023-10-07 00:12:43,970 - root - INFO - Epoch 61; loss: 23.584199905395508; CER: 0.4055006504058838; WER: 0.7723546028137207; val_loss: 22.767166137695312; val_CER: 0.406652569770813; val_WER: 0.7511904835700989
2023-10-07 00:13:28,798 - root - INFO - Epoch 62; loss: 23.365310668945312; CER: 0.40777096152305603; WER: 0.7720106840133667; val_loss: 22.897502899169922; val_CER: 0.41101181507110596; val_WER: 0.729523777961731
2023-10-07 00:13:55,154 - root - INFO - Epoch 63; loss: 23.40143394470215; CER: 0.4090902507305145; WER: 0.7703438997268677; val_loss: 22.840055465698242; val_CER: 0.4015979468822479; val_WER: 0.7626190781593323
2023-10-07 00:14:17,658 - root - INFO - Epoch 64; loss: 23.385507583618164; CER: 0.4067539572715759; WER: 0.7758464813232422; val_loss: 22.845457077026367; val_CER: 0.41105008125305176; val_WER: 0.7692856788635254
2023-10-07 00:14:41,289 - root - INFO - Epoch 65; loss: 23.217214584350586; CER: 0.4052374064922333; WER: 0.7734391689300537; val_loss: 22.77745246887207; val_CER: 0.40404197573661804; val_WER: 0.7426190376281738
2023-10-07 00:15:22,520 - root - INFO - Epoch 66; loss: 23.442079544067383; CER: 0.4046829342842102; WER: 0.7757406830787659; val_loss: 22.84636116027832; val_CER: 0.40138596296310425; val_WER: 0.7692857384681702
2023-10-07 00:15:25,269 - tf2onnx.tf_loader - WARNING - Could not search for non-variable resources. Concrete function internal representation may have changed.
2023-10-07 00:15:26,661 - tf2onnx.tfonnx - INFO - Using tensorflow=2.13.0, onnx=1.14.1, tf2onnx=1.15.1/37820d
2023-10-07 00:15:26,661 - tf2onnx.tfonnx - INFO - Using opset <onnx, 15>
2023-10-07 00:15:26,894 - tf2onnx.tf_utils - INFO - Computed 0 values for constant folding
2023-10-07 00:15:26,896 - tf2onnx.tf_utils - INFO - Computed 0 values for constant folding
2023-10-07 00:15:26,899 - tf2onnx.tf_utils - INFO - Computed 0 values for constant folding
2023-10-07 00:15:26,904 - tf2onnx.tf_utils - INFO - Computed 0 values for constant folding
2023-10-07 00:15:26,910 - tf2onnx.tf_utils - INFO - Computed 0 values for constant folding
2023-10-07 00:15:26,912 - tf2onnx.tf_utils - INFO - Computed 0 values for constant folding
2023-10-07 00:15:26,914 - tf2onnx.tf_utils - INFO - Computed 0 values for constant folding
2023-10-07 00:15:26,916 - tf2onnx.tf_utils - INFO - Computed 0 values for constant folding
2023-10-07 00:15:26,921 - tf2onnx.tf_utils - INFO - Computed 0 values for constant folding
2023-10-07 00:15:26,923 - tf2onnx.tf_utils - INFO - Computed 0 values for constant folding
2023-10-07 00:15:26,926 - tf2onnx.tf_utils - INFO - Computed 0 values for constant folding
2023-10-07 00:15:26,932 - tf2onnx.tf_utils - INFO - Computed 0 values for constant folding
2023-10-07 00:15:26,938 - tf2onnx.tf_utils - INFO - Computed 0 values for constant folding
2023-10-07 00:15:26,943 - tf2onnx.tf_utils - INFO - Computed 0 values for constant folding
2023-10-07 00:15:26,945 - tf2onnx.tf_utils - INFO - Computed 0 values for constant folding
2023-10-07 00:15:26,947 - tf2onnx.tf_utils - INFO - Computed 0 values for constant folding
2023-10-07 00:15:26,952 - tf2onnx.tf_utils - INFO - Computed 0 values for constant folding
2023-10-07 00:15:26,958 - tf2onnx.tf_utils - INFO - Computed 0 values for constant folding
2023-10-07 00:15:26,963 - tf2onnx.tf_utils - INFO - Computed 0 values for constant folding
2023-10-07 00:15:26,965 - tf2onnx.tf_utils - INFO - Computed 0 values for constant folding
2023-10-07 00:15:27,000 - tf2onnx.tf_utils - INFO - Computed 0 values for constant folding
2023-10-07 00:15:27,781 - tf2onnx.optimizer - INFO - Optimizing ONNX model
2023-10-07 00:15:28,712 - tf2onnx.optimizer - INFO - After optimization: BatchNormalization -2 (2->0), Cast -22 (39->17), Concat -21 (40->19), Const -254 (293->39), Expand -15 (20->5), Gather +5 (4->9), Identity -2 (2->0), ReduceProd -2 (4->2), Shape -5 (13->8), Slice -5 (21->16), Squeeze -11 (21->10), Transpose -20 (23->3), Unsqueeze -60 (68->8)
